[debug] [2019-07-26T14:27:07.516Z] ----------------------------------------------------------------------
[debug] [2019-07-26T14:27:07.517Z] Command:       C:\Program Files\nodejs\node.exe C:\Users\Odo\AppData\Roaming\npm\node_modules\firebase-tools\lib\bin\firebase.js serve
[debug] [2019-07-26T14:27:07.518Z] CLI Version:   7.1.1
[debug] [2019-07-26T14:27:07.518Z] Platform:      win32
[debug] [2019-07-26T14:27:07.518Z] Node Version:  v10.16.0
[debug] [2019-07-26T14:27:07.523Z] Time:          Fri Jul 26 2019 16:27:07 GMT+0200 (GMT+02:00)
[debug] [2019-07-26T14:27:07.523Z] ----------------------------------------------------------------------
[debug] 
[debug] [2019-07-26T14:27:07.532Z] > command requires scopes: ["email","openid","https://www.googleapis.com/auth/cloudplatformprojects.readonly","https://www.googleapis.com/auth/firebase","https://www.googleapis.com/auth/cloud-platform"]
[debug] [2019-07-26T14:27:07.532Z] > authorizing via signed-in user
[debug] [2019-07-26T14:27:07.532Z] [iam] checking project zengastro-19720718 for permissions ["firebase.projects.get"]
[debug] [2019-07-26T14:27:07.534Z] >>> HTTP REQUEST POST https://cloudresourcemanager.googleapis.com/v1/projects/zengastro-19720718:testIamPermissions  

[debug] [2019-07-26T14:27:09.144Z] <<< HTTP RESPONSE 200
[debug] [2019-07-26T14:27:09.145Z] >>> HTTP REQUEST GET https://firebase.googleapis.com/v1beta1/projects/zengastro-19720718  
 
[debug] [2019-07-26T14:27:10.047Z] <<< HTTP RESPONSE 200
[info] 
[info] === Serving from 'C:\Users\Odo\prj\zgm'...
[info] 
[debug] [2019-07-26T14:27:10.050Z] >>> HTTP REQUEST GET https://firebase.googleapis.com/v1beta1/projects/zengastro-19720718/webApps/-/config  
 
[debug] [2019-07-26T14:27:10.823Z] <<< HTTP RESPONSE 200
[info] i  hosting: Serving hosting files from: dist
[info] +  hosting: Local server: http://localhost:5000
